2025-10-19 20:48:37 - INFO - Usuario accedió a página principal
2025-10-19 20:49:57 - INFO - Usuario accedió a página principal
2025-10-19 20:49:59 - INFO - Usuario accedió a página principal
2025-10-19 20:50:10 - INFO - Usuario accedió a página principal
2025-10-19 20:50:11 - INFO - Usuario consultó lista de pacientes
2025-10-19 20:50:15 - INFO - Usuario consultó lista de pacientes
2025-10-19 20:50:16 - INFO - Usuario accedió a página principal
2025-10-19 20:53:03 - INFO - Usuario accedió a página principal
2025-10-19 21:20:56 - INFO - Usuario accedió a página principal
2025-10-19 21:22:48 - INFO - Paciente creado: Sergio Blanco
2025-10-19 21:22:48 - INFO - Usuario consultó lista de pacientes
2025-10-19 21:22:51 - INFO - Usuario consultó paciente: 1025531751
2025-10-19 21:22:54 - INFO - Usuario consultó lista de pacientes
2025-10-19 21:23:58 - INFO - Usuario accedió a página principal
2025-10-19 21:24:00 - INFO - Usuario consultó lista de pacientes
2025-10-19 21:24:01 - INFO - Usuario accedió a página principal
2025-10-19 21:24:14 - INFO - Usuario consultó lista de pacientes
2025-10-19 21:24:21 - INFO - Usuario consultó lista de pacientes
2025-10-19 21:24:22 - INFO - Usuario accedió a página principal
2025-10-19 21:40:48 - INFO - Usuario accedió a página principal
2025-10-19 21:40:57 - INFO - Paciente creado: Sergio Blanco
2025-10-19 21:40:57 - INFO - Usuario consultó lista de pacientes
2025-10-19 21:41:23 - INFO - Evolución subida para paciente 1025531751
2025-10-19 21:41:23 - INFO - Usuario consultó paciente: 1025531751
2025-10-19 21:41:30 - INFO - Usuario consultó lista de pacientes
2025-10-19 21:41:31 - INFO - Usuario accedió a página principal
2025-10-19 21:41:34 - INFO - Usuario accedió a página principal
2025-10-19 21:49:00 - INFO - Usuario accedió a página principal
2025-10-19 21:49:02 - INFO - Usuario accedió a página principal
2025-10-19 21:49:13 - INFO - Paciente creado: Sergio Blanco
2025-10-19 21:49:13 - INFO - Usuario consultó lista de pacientes
2025-10-19 21:49:39 - INFO - Evolución subida para paciente 1025531751
2025-10-19 21:49:39 - INFO - Usuario consultó paciente: 1025531751
2025-10-19 21:49:43 - INFO - Evolución eliminada para paciente 1025531751
2025-10-19 21:49:43 - INFO - Usuario consultó paciente: 1025531751
2025-10-19 21:49:48 - INFO - Usuario accedió a página principal
2025-10-19 21:52:15 - INFO - Usuario consultó lista de pacientes
2025-10-19 21:52:17 - INFO - Usuario consultó paciente: 1025531751
2025-10-19 21:52:18 - INFO - Usuario consultó lista de pacientes
2025-10-19 21:52:19 - INFO - Usuario consultó paciente: 1025531751
2025-10-19 21:52:20 - INFO - Usuario consultó lista de pacientes
2025-10-19 21:54:04 - INFO - Usuario accedió a página principal
2025-10-19 21:54:06 - INFO - Usuario consultó lista de pacientes
2025-10-19 21:54:08 - INFO - Usuario consultó lista de pacientes
2025-10-19 21:54:09 - INFO - Usuario accedió a página principal
2025-10-19 21:54:13 - INFO - Usuario accedió a página principal
2025-10-19 21:57:43 - INFO - Paciente creado: Sergio Blanco
2025-10-19 21:57:43 - INFO - Usuario consultó lista de pacientes
2025-10-19 21:57:58 - INFO - Evolución subida para paciente 1025531751
2025-10-19 21:57:58 - INFO - Usuario consultó paciente: 1025531751
2025-10-19 21:58:00 - INFO - Usuario accedió a página principal
